<?xml version="1.0" encoding="UTF-8"?>
<!-- Generated by org.testng.reporters.JUnitReportReporter -->
<testsuite skipped="0" hostname="BDC4-L-1SL6QQ2" name="Selenium.Demo2" tests="1" failures="0" timestamp="15 Oct 2018 11:05:03 GMT" time="9.672" errors="0">
  <testcase name="f" time="9.672" classname="Selenium.Demo2"/>
</testsuite> <!-- Selenium.Demo2 -->
